<?xml version="1.0" encoding="UTF-8"?>
<testsuite name="circle_tests.TestCircle-20220211173841" tests="2" file="circle_tests.py" time="0.000" timestamp="2022-02-11T17:38:41" failures="0" errors="0" skipped="0">
	<testcase classname="circle_tests.TestCircle" name="test_draw" time="0.000" timestamp="2022-02-11T17:38:41"/>
	<testcase classname="circle_tests.TestCircle" name="test_move2pos" time="0.000" timestamp="2022-02-11T17:38:41"/>
</testsuite>
