<?xml version="1.0" encoding="UTF-8"?>
<testsuite name="circle_tests.TestCircle-20220210135917" tests="2" file="circle_tests.py" time="0.002" timestamp="2022-02-10T13:59:17" failures="0" errors="0" skipped="0">
	<testcase classname="circle_tests.TestCircle" name="test_draw" time="0.001" timestamp="2022-02-10T13:59:17"/>
	<testcase classname="circle_tests.TestCircle" name="test_move2pos" time="0.001" timestamp="2022-02-10T13:59:17"/>
</testsuite>
