<?xml version="1.0" encoding="UTF-8"?>
<testsuite name="segment_tests.TestSegment-20220211173840" tests="2" file="segment_tests.py" time="0.001" timestamp="2022-02-11T17:38:40" failures="0" errors="0" skipped="0">
	<testcase classname="segment_tests.TestSegment" name="test_draw" time="0.000" timestamp="2022-02-11T17:38:40"/>
	<testcase classname="segment_tests.TestSegment" name="test_reset_elasticity" time="0.001" timestamp="2022-02-11T17:38:40"/>
</testsuite>
